Traceback (most recent call last):
  File "/Users/sbae703/Research/hackathons/modal/autoresearch/agent_runtime.py", line 609, in main
    run_step(args)
  File "/Users/sbae703/Research/hackathons/modal/autoresearch/agent_runtime.py", line 562, in run_step
    run_creative_step(args)
  File "/Users/sbae703/Research/hackathons/modal/autoresearch/agent_runtime.py", line 237, in run_creative_step
    result = propose_hypothesis(args, radical=False)
  File "/Users/sbae703/Research/hackathons/modal/autoresearch/agent_runtime.py", line 209, in propose_hypothesis
    db.execute(
sqlite3.IntegrityError: UNIQUE constraint failed: hypotheses.id

During handling of the above exception, another exception occurred:

Traceback (most recent call last):
  File "/Users/sbae703/Research/hackathons/modal/bin/autoresearch-agent", line 13, in <module>
    raise SystemExit(main())
  File "/Users/sbae703/Research/hackathons/modal/autoresearch/agent_runtime.py", line 620, in main
    finish(args, "dead")
  File "/Users/sbae703/Research/hackathons/modal/autoresearch/agent_runtime.py", line 163, in finish
    db = connect_team(args)
  File "/Users/sbae703/Research/hackathons/modal/autoresearch/agent_runtime.py", line 71, in connect_team
    team_journal.init_db(args.db)
  File "/Users/sbae703/Research/hackathons/modal/autoresearch/team_journal.py", line 161, in init_db
    db.execute(
sqlite3.OperationalError: database is locked
